<?xml version="1.0" encoding="UTF-8"?>
<testng-results skipped="0" failed="0" ignored="0" total="1" passed="1">
  <reporter-output>
  </reporter-output>
  <suite name="Default suite" duration-ms="6982" started-at="2020-07-27T11:27:19 IST" finished-at="2020-07-27T11:27:26 IST">
    <groups>
    </groups>
    <test name="Default test" duration-ms="6982" started-at="2020-07-27T11:27:19 IST" finished-at="2020-07-27T11:27:26 IST">
      <class name="com.mycompany.app.App">
        <test-method status="PASS" signature="VerifyDataLoadSuccessfully()[pri:0, instance:com.mycompany.app.App@146044d7]" name="VerifyDataLoadSuccessfully" duration-ms="6923" started-at="2020-07-27T11:27:19 IST" finished-at="2020-07-27T11:27:26 IST">
          <reporter-output>
          </reporter-output>
        </test-method> <!-- VerifyDataLoadSuccessfully -->
      </class> <!-- com.mycompany.app.App -->
    </test> <!-- Default test -->
  </suite> <!-- Default suite -->
</testng-results>
