<?xml version="1.0" encoding="UTF-8"?>
<testng-results skipped="0" failed="0" ignored="0" total="1" passed="1">
  <reporter-output>
  </reporter-output>
  <suite name="Default suite" duration-ms="3865" started-at="2020-10-01T16:42:03 IST" finished-at="2020-10-01T16:42:07 IST">
    <groups>
    </groups>
    <test name="Default test" duration-ms="3865" started-at="2020-10-01T16:42:03 IST" finished-at="2020-10-01T16:42:07 IST">
      <class name="com.mccm.automation.App_Inbound_KIASEPOS">
        <test-method status="PASS" signature="VerifyKIASEPOSFileLoadSuccessfully()[pri:0, instance:com.mccm.automation.App_Inbound_KIASEPOS@59717824]" name="VerifyKIASEPOSFileLoadSuccessfully" duration-ms="3811" started-at="2020-10-01T16:42:03 IST" finished-at="2020-10-01T16:42:07 IST">
          <reporter-output>
          </reporter-output>
        </test-method> <!-- VerifyKIASEPOSFileLoadSuccessfully -->
      </class> <!-- com.mccm.automation.App_Inbound_KIASEPOS -->
    </test> <!-- Default test -->
  </suite> <!-- Default suite -->
</testng-results>
