<?xml version="1.0" encoding="UTF-8"?>
<!-- Generated by org.testng.reporters.JUnitXMLReporter -->
<testsuite hostname="INSGH045PMS0" ignored="0" name="Home Test" tests="1" failures="0" timestamp="2020-06-04T21:16:46 IST" time="0.023" errors="0">
  <testcase name="@BeforeMethod setup" time="0.0" classname="Mccm.PegaTest.HomePageTest">
    <failure type="java.lang.NullPointerException">
      <![CDATA[java.lang.NullPointerException
at Mccm.PegaTestBase.TestBase.initialization(TestBase.java:40)
at Mccm.PegaTest.HomePageTest.setup(HomePageTest.java:28)
at java.util.ArrayList.forEach(ArrayList.java:1257)
... Removed 31 stack frames]]>
    </failure>
  </testcase> <!-- @BeforeMethod setup -->
  <testcase name="@AfterMethod teardown" time="-1.591285606545E9" classname="Mccm.PegaTest.HomePageTest">
    <skipped/>
  </testcase> <!-- @AfterMethod teardown -->
  <testcase name="VerifySelectDevsduioTest" time="0.0" classname="Mccm.PegaTest.HomePageTest">
    <skipped/>
  </testcase> <!-- VerifySelectDevsduioTest -->
</testsuite> <!-- Home Test -->
