<?xml version="1.0" encoding="UTF-8"?>
<!-- Generated by org.testng.reporters.JUnitXMLReporter -->
<testsuite hostname="INSGH045PMS0" ignored="0" name="Login Test" tests="3" failures="0" timestamp="2020-06-04T21:16:46 IST" time="0.124" errors="0">
  <testcase name="@BeforeMethod setup" time="0.007" classname="Mccm.PegaTest.LoginPageTest">
    <failure type="java.lang.NullPointerException">
      <![CDATA[java.lang.NullPointerException
at Mccm.PegaTestBase.TestBase.initialization(TestBase.java:40)
at Mccm.PegaTest.LoginPageTest.setup(LoginPageTest.java:24)
at java.util.ArrayList.forEach(ArrayList.java:1257)
... Removed 31 stack frames]]>
    </failure>
  </testcase> <!-- @BeforeMethod setup -->
  <testcase name="@AfterMethod teardown" time="-1.591285606429E9" classname="Mccm.PegaTest.LoginPageTest">
    <skipped/>
  </testcase> <!-- @AfterMethod teardown -->
  <testcase name="@BeforeMethod setup" time="-1.591285606433E9" classname="Mccm.PegaTest.LoginPageTest">
    <skipped/>
  </testcase> <!-- @BeforeMethod setup -->
  <testcase name="@AfterMethod teardown" time="-1.59128560644E9" classname="Mccm.PegaTest.LoginPageTest">
    <skipped/>
  </testcase> <!-- @AfterMethod teardown -->
  <testcase name="@BeforeMethod setup" time="-1.591285606443E9" classname="Mccm.PegaTest.LoginPageTest">
    <skipped/>
  </testcase> <!-- @BeforeMethod setup -->
  <testcase name="@AfterMethod teardown" time="-1.591285606449E9" classname="Mccm.PegaTest.LoginPageTest">
    <skipped/>
  </testcase> <!-- @AfterMethod teardown -->
  <testcase name="VerifyLoginPageTitleTest" time="0.0" classname="Mccm.PegaTest.LoginPageTest">
    <skipped/>
  </testcase> <!-- VerifyLoginPageTitleTest -->
  <testcase name="VerifyPegaLogoTest" time="0.0" classname="Mccm.PegaTest.LoginPageTest">
    <skipped/>
  </testcase> <!-- VerifyPegaLogoTest -->
  <testcase name="VerifyLoginSuccessfulTest" time="0.0" classname="Mccm.PegaTest.LoginPageTest">
    <skipped/>
  </testcase> <!-- VerifyLoginSuccessfulTest -->
</testsuite> <!-- Login Test -->
