<?xml version="1.0" encoding="UTF-8"?>
<!-- Generated by org.testng.reporters.JUnitXMLReporter -->
<testsuite hostname="INSGH045PMS0" ignored="0" name="Pega DSS Regression Test" tests="3" failures="0" timestamp="2020-06-08T15:48:10 IST" time="30.528" errors="0">
  <testcase name="VerifyLoginPageTitleTest" time="0.021" classname="Mccm.PegaTest.LoginPageTest"/>
  <testcase name="VerifyPegaLogoTest" time="0.119" classname="Mccm.PegaTest.LoginPageTest"/>
  <testcase name="VerifyLoginSuccessfulTest" time="8.716" classname="Mccm.PegaTest.LoginPageTest"/>
</testsuite> <!-- Pega DSS Regression Test -->
