<?xml version="1.0" encoding="UTF-8"?>
<testng-results skipped="0" failed="0" ignored="0" total="1" passed="1">
  <reporter-output>
  </reporter-output>
  <suite name="Default suite" duration-ms="4084" started-at="2020-06-09T14:55:14 IST" finished-at="2020-06-09T14:55:18 IST">
    <groups>
    </groups>
    <test name="Default test" duration-ms="4084" started-at="2020-06-09T14:55:14 IST" finished-at="2020-06-09T14:55:18 IST">
      <class name="Mccm.UnixTest.ChkFileExitsUnix">
        <test-method status="PASS" signature="Filechkunix()[pri:0, instance:Mccm.UnixTest.ChkFileExitsUnix@72b6cbcc]" name="Filechkunix" duration-ms="4005" started-at="2020-06-09T14:55:14 IST" finished-at="2020-06-09T14:55:18 IST">
          <reporter-output>
          </reporter-output>
        </test-method> <!-- Filechkunix -->
      </class> <!-- Mccm.UnixTest.ChkFileExitsUnix -->
    </test> <!-- Default test -->
  </suite> <!-- Default suite -->
</testng-results>
