<?xml version="1.0" encoding="UTF-8"?>
<testng-results skipped="0" failed="0" ignored="0" total="1" passed="1">
  <reporter-output>
  </reporter-output>
  <suite name="Default suite" duration-ms="61" started-at="2020-05-26T11:05:06 IST" finished-at="2020-05-26T11:05:06 IST">
    <groups>
    </groups>
    <test name="Default test" duration-ms="61" started-at="2020-05-26T11:05:06 IST" finished-at="2020-05-26T11:05:06 IST">
      <class name="test.jenkinsconnect">
        <test-method status="PASS" signature="VerifyLoginPageTitleTest()[pri:0, instance:test.jenkinsconnect@35d176f7]" name="VerifyLoginPageTitleTest" duration-ms="11" started-at="2020-05-26T11:05:06 IST" finished-at="2020-05-26T11:05:06 IST">
          <reporter-output>
          </reporter-output>
        </test-method> <!-- VerifyLoginPageTitleTest -->
      </class> <!-- test.jenkinsconnect -->
    </test> <!-- Default test -->
  </suite> <!-- Default suite -->
</testng-results>
