<?xml version="1.0" encoding="UTF-8"?>
<testsuite xmlns:xsi="http://www.w3.org/2001/XMLSchema-instance" xsi:noNamespaceSchemaLocation="https://maven.apache.org/surefire/maven-surefire-plugin/xsd/surefire-test-report.xsd" name="TestSuite" time="35.064" tests="3" errors="0" skipped="0" failures="0">
  <properties>
[...]
</properties>
  <testcase name="VerifyLoginPageTitleTest" classname="Mccm.PegaTest.LoginPageTest" time="0.014"/>
  <testcase name="VerifyPegaLogoTest" classname="Mccm.PegaTest.LoginPageTest" time="0.139"/>
  <testcase name="VerifyLoginSuccessfulTest" classname="Mccm.PegaTest.LoginPageTest" time="10.743"/>
</testsuite>