<?xml version="1.0" encoding="UTF-8"?>
<!-- Generated by org.testng.reporters.JUnitXMLReporter -->
<testsuite hostname="INSGH045PMS0" ignored="0" name="Pega DSS Regression Test" tests="3" failures="0" timestamp="2020-06-09T15:05:42 IST" time="33.878" errors="0">
  <testcase name="VerifyLoginPageTitleTest" time="0.013" classname="Mccm.PegaTest.LoginPageTest"/>
  <testcase name="VerifyPegaLogoTest" time="0.14" classname="Mccm.PegaTest.LoginPageTest"/>
  <testcase name="VerifyLoginSuccessfulTest" time="10.745" classname="Mccm.PegaTest.LoginPageTest"/>
</testsuite> <!-- Pega DSS Regression Test -->
